2016/11/08 18:54:24 [error] [php] Trying to get property of non-object (D:\xampp\htdocs\teacherplanning\protected\views\layouts\main.php:3)
Stack trace:
#0 D:\xampp\htdocs\yii\framework\web\widgets\CContentDecorator.php(76): SiteController->renderFile()
#1 D:\xampp\htdocs\yii\framework\web\widgets\CContentDecorator.php(54): CContentDecorator->decorate()
#2 D:\xampp\htdocs\yii\framework\web\widgets\COutputProcessor.php(44): CContentDecorator->processOutput()
#3 D:\xampp\htdocs\yii\framework\web\CBaseController.php(214): CContentDecorator->run()
#4 D:\xampp\htdocs\yii\framework\web\CBaseController.php(308): SiteController->endWidget()
#5 D:\xampp\htdocs\teacherplanning\protected\views\layouts\column1.php(6): SiteController->endContent()
#6 D:\xampp\htdocs\yii\framework\web\CBaseController.php(126): require()
#7 D:\xampp\htdocs\yii\framework\web\CBaseController.php(95): SiteController->renderInternal()
#8 D:\xampp\htdocs\yii\framework\web\CController.php(784): SiteController->renderFile()
#9 D:\xampp\htdocs\teacherplanning\protected\controllers\SiteController.php(32): SiteController->render()
#10 D:\xampp\htdocs\yii\framework\web\actions\CInlineAction.php(49): SiteController->actionIndex()
#11 D:\xampp\htdocs\yii\framework\web\CController.php(308): CInlineAction->runWithParams()
#12 D:\xampp\htdocs\yii\framework\web\CController.php(286): SiteController->runAction()
#13 D:\xampp\htdocs\yii\framework\web\CController.php(265): SiteController->runActionWithFilters()
#14 D:\xampp\htdocs\yii\framework\web\CWebApplication.php(282): SiteController->run()
#15 D:\xampp\htdocs\yii\framework\web\CWebApplication.php(141): CWebApplication->runController()
#16 D:\xampp\htdocs\yii\framework\base\CApplication.php(185): CWebApplication->processRequest()
#17 D:\xampp\htdocs\teacherplanning\index.php(13): CWebApplication->run()
REQUEST_URI=/teacherplanning/index.php?r=site/index
in D:\xampp\htdocs\teacherplanning\protected\views\layouts\main.php (3)
in D:\xampp\htdocs\teacherplanning\protected\views\layouts\column1.php (6)
in D:\xampp\htdocs\teacherplanning\protected\controllers\SiteController.php (32)
2016/11/08 18:54:26 [error] [php] Trying to get property of non-object (D:\xampp\htdocs\teacherplanning\protected\views\layouts\main.php:3)
Stack trace:
#0 D:\xampp\htdocs\yii\framework\web\widgets\CContentDecorator.php(76): SiteController->renderFile()
#1 D:\xampp\htdocs\yii\framework\web\widgets\CContentDecorator.php(54): CContentDecorator->decorate()
#2 D:\xampp\htdocs\yii\framework\web\widgets\COutputProcessor.php(44): CContentDecorator->processOutput()
#3 D:\xampp\htdocs\yii\framework\web\CBaseController.php(214): CContentDecorator->run()
#4 D:\xampp\htdocs\yii\framework\web\CBaseController.php(308): SiteController->endWidget()
#5 D:\xampp\htdocs\teacherplanning\protected\views\layouts\column1.php(6): SiteController->endContent()
#6 D:\xampp\htdocs\yii\framework\web\CBaseController.php(126): require()
#7 D:\xampp\htdocs\yii\framework\web\CBaseController.php(95): SiteController->renderInternal()
#8 D:\xampp\htdocs\yii\framework\web\CController.php(784): SiteController->renderFile()
#9 D:\xampp\htdocs\teacherplanning\protected\controllers\SiteController.php(32): SiteController->render()
#10 D:\xampp\htdocs\yii\framework\web\actions\CInlineAction.php(49): SiteController->actionIndex()
#11 D:\xampp\htdocs\yii\framework\web\CController.php(308): CInlineAction->runWithParams()
#12 D:\xampp\htdocs\yii\framework\web\CController.php(286): SiteController->runAction()
#13 D:\xampp\htdocs\yii\framework\web\CController.php(265): SiteController->runActionWithFilters()
#14 D:\xampp\htdocs\yii\framework\web\CWebApplication.php(282): SiteController->run()
#15 D:\xampp\htdocs\yii\framework\web\CWebApplication.php(141): CWebApplication->runController()
#16 D:\xampp\htdocs\yii\framework\base\CApplication.php(185): CWebApplication->processRequest()
#17 D:\xampp\htdocs\teacherplanning\index.php(13): CWebApplication->run()
REQUEST_URI=/teacherplanning/index.php?r=site/index
in D:\xampp\htdocs\teacherplanning\protected\views\layouts\main.php (3)
in D:\xampp\htdocs\teacherplanning\protected\views\layouts\column1.php (6)
in D:\xampp\htdocs\teacherplanning\protected\controllers\SiteController.php (32)
2016/11/08 18:54:27 [error] [php] Trying to get property of non-object (D:\xampp\htdocs\teacherplanning\protected\views\layouts\main.php:3)
Stack trace:
#0 D:\xampp\htdocs\yii\framework\web\widgets\CContentDecorator.php(76): SiteController->renderFile()
#1 D:\xampp\htdocs\yii\framework\web\widgets\CContentDecorator.php(54): CContentDecorator->decorate()
#2 D:\xampp\htdocs\yii\framework\web\widgets\COutputProcessor.php(44): CContentDecorator->processOutput()
#3 D:\xampp\htdocs\yii\framework\web\CBaseController.php(214): CContentDecorator->run()
#4 D:\xampp\htdocs\yii\framework\web\CBaseController.php(308): SiteController->endWidget()
#5 D:\xampp\htdocs\teacherplanning\protected\views\layouts\column1.php(6): SiteController->endContent()
#6 D:\xampp\htdocs\yii\framework\web\CBaseController.php(126): require()
#7 D:\xampp\htdocs\yii\framework\web\CBaseController.php(95): SiteController->renderInternal()
#8 D:\xampp\htdocs\yii\framework\web\CController.php(784): SiteController->renderFile()
#9 D:\xampp\htdocs\teacherplanning\protected\controllers\SiteController.php(32): SiteController->render()
#10 D:\xampp\htdocs\yii\framework\web\actions\CInlineAction.php(49): SiteController->actionIndex()
#11 D:\xampp\htdocs\yii\framework\web\CController.php(308): CInlineAction->runWithParams()
#12 D:\xampp\htdocs\yii\framework\web\CController.php(286): SiteController->runAction()
#13 D:\xampp\htdocs\yii\framework\web\CController.php(265): SiteController->runActionWithFilters()
#14 D:\xampp\htdocs\yii\framework\web\CWebApplication.php(282): SiteController->run()
#15 D:\xampp\htdocs\yii\framework\web\CWebApplication.php(141): CWebApplication->runController()
#16 D:\xampp\htdocs\yii\framework\base\CApplication.php(185): CWebApplication->processRequest()
#17 D:\xampp\htdocs\teacherplanning\index.php(13): CWebApplication->run()
REQUEST_URI=/teacherplanning/index.php?r=site/index
in D:\xampp\htdocs\teacherplanning\protected\views\layouts\main.php (3)
in D:\xampp\htdocs\teacherplanning\protected\views\layouts\column1.php (6)
in D:\xampp\htdocs\teacherplanning\protected\controllers\SiteController.php (32)
2016/11/08 18:54:27 [error] [php] Trying to get property of non-object (D:\xampp\htdocs\teacherplanning\protected\views\layouts\main.php:3)
Stack trace:
#0 D:\xampp\htdocs\yii\framework\web\widgets\CContentDecorator.php(76): SiteController->renderFile()
#1 D:\xampp\htdocs\yii\framework\web\widgets\CContentDecorator.php(54): CContentDecorator->decorate()
#2 D:\xampp\htdocs\yii\framework\web\widgets\COutputProcessor.php(44): CContentDecorator->processOutput()
#3 D:\xampp\htdocs\yii\framework\web\CBaseController.php(214): CContentDecorator->run()
#4 D:\xampp\htdocs\yii\framework\web\CBaseController.php(308): SiteController->endWidget()
#5 D:\xampp\htdocs\teacherplanning\protected\views\layouts\column1.php(6): SiteController->endContent()
#6 D:\xampp\htdocs\yii\framework\web\CBaseController.php(126): require()
#7 D:\xampp\htdocs\yii\framework\web\CBaseController.php(95): SiteController->renderInternal()
#8 D:\xampp\htdocs\yii\framework\web\CController.php(784): SiteController->renderFile()
#9 D:\xampp\htdocs\teacherplanning\protected\controllers\SiteController.php(32): SiteController->render()
#10 D:\xampp\htdocs\yii\framework\web\actions\CInlineAction.php(49): SiteController->actionIndex()
#11 D:\xampp\htdocs\yii\framework\web\CController.php(308): CInlineAction->runWithParams()
#12 D:\xampp\htdocs\yii\framework\web\CController.php(286): SiteController->runAction()
#13 D:\xampp\htdocs\yii\framework\web\CController.php(265): SiteController->runActionWithFilters()
#14 D:\xampp\htdocs\yii\framework\web\CWebApplication.php(282): SiteController->run()
#15 D:\xampp\htdocs\yii\framework\web\CWebApplication.php(141): CWebApplication->runController()
#16 D:\xampp\htdocs\yii\framework\base\CApplication.php(185): CWebApplication->processRequest()
#17 D:\xampp\htdocs\teacherplanning\index.php(13): CWebApplication->run()
REQUEST_URI=/teacherplanning/index.php?r=site/index
in D:\xampp\htdocs\teacherplanning\protected\views\layouts\main.php (3)
in D:\xampp\htdocs\teacherplanning\protected\views\layouts\column1.php (6)
in D:\xampp\htdocs\teacherplanning\protected\controllers\SiteController.php (32)
2016/11/08 18:54:27 [error] [php] Trying to get property of non-object (D:\xampp\htdocs\teacherplanning\protected\views\layouts\main.php:3)
Stack trace:
#0 D:\xampp\htdocs\yii\framework\web\widgets\CContentDecorator.php(76): SiteController->renderFile()
#1 D:\xampp\htdocs\yii\framework\web\widgets\CContentDecorator.php(54): CContentDecorator->decorate()
#2 D:\xampp\htdocs\yii\framework\web\widgets\COutputProcessor.php(44): CContentDecorator->processOutput()
#3 D:\xampp\htdocs\yii\framework\web\CBaseController.php(214): CContentDecorator->run()
#4 D:\xampp\htdocs\yii\framework\web\CBaseController.php(308): SiteController->endWidget()
#5 D:\xampp\htdocs\teacherplanning\protected\views\layouts\column1.php(6): SiteController->endContent()
#6 D:\xampp\htdocs\yii\framework\web\CBaseController.php(126): require()
#7 D:\xampp\htdocs\yii\framework\web\CBaseController.php(95): SiteController->renderInternal()
#8 D:\xampp\htdocs\yii\framework\web\CController.php(784): SiteController->renderFile()
#9 D:\xampp\htdocs\teacherplanning\protected\controllers\SiteController.php(32): SiteController->render()
#10 D:\xampp\htdocs\yii\framework\web\actions\CInlineAction.php(49): SiteController->actionIndex()
#11 D:\xampp\htdocs\yii\framework\web\CController.php(308): CInlineAction->runWithParams()
#12 D:\xampp\htdocs\yii\framework\web\CController.php(286): SiteController->runAction()
#13 D:\xampp\htdocs\yii\framework\web\CController.php(265): SiteController->runActionWithFilters()
#14 D:\xampp\htdocs\yii\framework\web\CWebApplication.php(282): SiteController->run()
#15 D:\xampp\htdocs\yii\framework\web\CWebApplication.php(141): CWebApplication->runController()
#16 D:\xampp\htdocs\yii\framework\base\CApplication.php(185): CWebApplication->processRequest()
#17 D:\xampp\htdocs\teacherplanning\index.php(13): CWebApplication->run()
REQUEST_URI=/teacherplanning/index.php?r=site/index
in D:\xampp\htdocs\teacherplanning\protected\views\layouts\main.php (3)
in D:\xampp\htdocs\teacherplanning\protected\views\layouts\column1.php (6)
in D:\xampp\htdocs\teacherplanning\protected\controllers\SiteController.php (32)
2016/11/08 18:54:27 [error] [php] Trying to get property of non-object (D:\xampp\htdocs\teacherplanning\protected\views\layouts\main.php:3)
Stack trace:
#0 D:\xampp\htdocs\yii\framework\web\widgets\CContentDecorator.php(76): SiteController->renderFile()
#1 D:\xampp\htdocs\yii\framework\web\widgets\CContentDecorator.php(54): CContentDecorator->decorate()
#2 D:\xampp\htdocs\yii\framework\web\widgets\COutputProcessor.php(44): CContentDecorator->processOutput()
#3 D:\xampp\htdocs\yii\framework\web\CBaseController.php(214): CContentDecorator->run()
#4 D:\xampp\htdocs\yii\framework\web\CBaseController.php(308): SiteController->endWidget()
#5 D:\xampp\htdocs\teacherplanning\protected\views\layouts\column1.php(6): SiteController->endContent()
#6 D:\xampp\htdocs\yii\framework\web\CBaseController.php(126): require()
#7 D:\xampp\htdocs\yii\framework\web\CBaseController.php(95): SiteController->renderInternal()
#8 D:\xampp\htdocs\yii\framework\web\CController.php(784): SiteController->renderFile()
#9 D:\xampp\htdocs\teacherplanning\protected\controllers\SiteController.php(32): SiteController->render()
#10 D:\xampp\htdocs\yii\framework\web\actions\CInlineAction.php(49): SiteController->actionIndex()
#11 D:\xampp\htdocs\yii\framework\web\CController.php(308): CInlineAction->runWithParams()
#12 D:\xampp\htdocs\yii\framework\web\CController.php(286): SiteController->runAction()
#13 D:\xampp\htdocs\yii\framework\web\CController.php(265): SiteController->runActionWithFilters()
#14 D:\xampp\htdocs\yii\framework\web\CWebApplication.php(282): SiteController->run()
#15 D:\xampp\htdocs\yii\framework\web\CWebApplication.php(141): CWebApplication->runController()
#16 D:\xampp\htdocs\yii\framework\base\CApplication.php(185): CWebApplication->processRequest()
#17 D:\xampp\htdocs\teacherplanning\index.php(13): CWebApplication->run()
REQUEST_URI=/teacherplanning/index.php?r=site/index
in D:\xampp\htdocs\teacherplanning\protected\views\layouts\main.php (3)
in D:\xampp\htdocs\teacherplanning\protected\views\layouts\column1.php (6)
in D:\xampp\htdocs\teacherplanning\protected\controllers\SiteController.php (32)
2016/11/08 18:54:28 [error] [php] Trying to get property of non-object (D:\xampp\htdocs\teacherplanning\protected\views\layouts\main.php:3)
Stack trace:
#0 D:\xampp\htdocs\yii\framework\web\widgets\CContentDecorator.php(76): SiteController->renderFile()
#1 D:\xampp\htdocs\yii\framework\web\widgets\CContentDecorator.php(54): CContentDecorator->decorate()
#2 D:\xampp\htdocs\yii\framework\web\widgets\COutputProcessor.php(44): CContentDecorator->processOutput()
#3 D:\xampp\htdocs\yii\framework\web\CBaseController.php(214): CContentDecorator->run()
#4 D:\xampp\htdocs\yii\framework\web\CBaseController.php(308): SiteController->endWidget()
#5 D:\xampp\htdocs\teacherplanning\protected\views\layouts\column1.php(6): SiteController->endContent()
#6 D:\xampp\htdocs\yii\framework\web\CBaseController.php(126): require()
#7 D:\xampp\htdocs\yii\framework\web\CBaseController.php(95): SiteController->renderInternal()
#8 D:\xampp\htdocs\yii\framework\web\CController.php(784): SiteController->renderFile()
#9 D:\xampp\htdocs\teacherplanning\protected\controllers\SiteController.php(32): SiteController->render()
#10 D:\xampp\htdocs\yii\framework\web\actions\CInlineAction.php(49): SiteController->actionIndex()
#11 D:\xampp\htdocs\yii\framework\web\CController.php(308): CInlineAction->runWithParams()
#12 D:\xampp\htdocs\yii\framework\web\CController.php(286): SiteController->runAction()
#13 D:\xampp\htdocs\yii\framework\web\CController.php(265): SiteController->runActionWithFilters()
#14 D:\xampp\htdocs\yii\framework\web\CWebApplication.php(282): SiteController->run()
#15 D:\xampp\htdocs\yii\framework\web\CWebApplication.php(141): CWebApplication->runController()
#16 D:\xampp\htdocs\yii\framework\base\CApplication.php(185): CWebApplication->processRequest()
#17 D:\xampp\htdocs\teacherplanning\index.php(13): CWebApplication->run()
REQUEST_URI=/teacherplanning/index.php?r=site/index
in D:\xampp\htdocs\teacherplanning\protected\views\layouts\main.php (3)
in D:\xampp\htdocs\teacherplanning\protected\views\layouts\column1.php (6)
in D:\xampp\htdocs\teacherplanning\protected\controllers\SiteController.php (32)
2016/11/08 18:54:28 [error] [php] Trying to get property of non-object (D:\xampp\htdocs\teacherplanning\protected\views\layouts\main.php:3)
Stack trace:
#0 D:\xampp\htdocs\yii\framework\web\widgets\CContentDecorator.php(76): SiteController->renderFile()
#1 D:\xampp\htdocs\yii\framework\web\widgets\CContentDecorator.php(54): CContentDecorator->decorate()
#2 D:\xampp\htdocs\yii\framework\web\widgets\COutputProcessor.php(44): CContentDecorator->processOutput()
#3 D:\xampp\htdocs\yii\framework\web\CBaseController.php(214): CContentDecorator->run()
#4 D:\xampp\htdocs\yii\framework\web\CBaseController.php(308): SiteController->endWidget()
#5 D:\xampp\htdocs\teacherplanning\protected\views\layouts\column1.php(6): SiteController->endContent()
#6 D:\xampp\htdocs\yii\framework\web\CBaseController.php(126): require()
#7 D:\xampp\htdocs\yii\framework\web\CBaseController.php(95): SiteController->renderInternal()
#8 D:\xampp\htdocs\yii\framework\web\CController.php(784): SiteController->renderFile()
#9 D:\xampp\htdocs\teacherplanning\protected\controllers\SiteController.php(32): SiteController->render()
#10 D:\xampp\htdocs\yii\framework\web\actions\CInlineAction.php(49): SiteController->actionIndex()
#11 D:\xampp\htdocs\yii\framework\web\CController.php(308): CInlineAction->runWithParams()
#12 D:\xampp\htdocs\yii\framework\web\CController.php(286): SiteController->runAction()
#13 D:\xampp\htdocs\yii\framework\web\CController.php(265): SiteController->runActionWithFilters()
#14 D:\xampp\htdocs\yii\framework\web\CWebApplication.php(282): SiteController->run()
#15 D:\xampp\htdocs\yii\framework\web\CWebApplication.php(141): CWebApplication->runController()
#16 D:\xampp\htdocs\yii\framework\base\CApplication.php(185): CWebApplication->processRequest()
#17 D:\xampp\htdocs\teacherplanning\index.php(13): CWebApplication->run()
REQUEST_URI=/teacherplanning/index.php?r=site/index
in D:\xampp\htdocs\teacherplanning\protected\views\layouts\main.php (3)
in D:\xampp\htdocs\teacherplanning\protected\views\layouts\column1.php (6)
in D:\xampp\htdocs\teacherplanning\protected\controllers\SiteController.php (32)
